2026-04-10 00:02:50,837 {"alert_id": 1, "type": "ZONE_ENTER", "severity": "INFO", "camera_id": 1, "timestamp": 1775759570.8371744, "message": "handbag G-003 entered zone_A", "metadata": {"track_id": "G-003", "zone_name": "zone_A", "zone_type": "monitored"}, "acknowledged": false}
2026-04-10 00:02:58,505 {"alert_id": 2, "type": "ZONE_ENTER", "severity": "INFO", "camera_id": 1, "timestamp": 1775759578.50553, "message": "handbag G-005 entered zone_A", "metadata": {"track_id": "G-005", "zone_name": "zone_A", "zone_type": "monitored"}, "acknowledged": false}
2026-04-10 00:03:04,004 {"alert_id": 3, "type": "ZONE_ENTER", "severity": "INFO", "camera_id": 1, "timestamp": 1775759584.0030994, "message": "frisbee G-007 entered zone_A", "metadata": {"track_id": "G-007", "zone_name": "zone_A", "zone_type": "monitored"}, "acknowledged": false}
2026-04-10 00:03:26,087 {"alert_id": 4, "type": "ZONE_ENTER", "severity": "INFO", "camera_id": 1, "timestamp": 1775759606.0875802, "message": "frisbee G-008 entered zone_A", "metadata": {"track_id": "G-008", "zone_name": "zone_A", "zone_type": "monitored"}, "acknowledged": false}
2026-04-10 00:03:49,011 {"alert_id": 5, "type": "LOITERING", "severity": "HIGH", "camera_id": 1, "timestamp": 1775759629.0110705, "message": "Stationary person G-002 for 60s", "metadata": {"track_id": "G-002", "dwell_s": 60.3, "obj_type": "person"}, "acknowledged": false}
2026-04-10 00:05:07,227 {"alert_id": 6, "type": "ZONE_ENTER", "severity": "INFO", "camera_id": 1, "timestamp": 1775759707.2270045, "message": "handbag G-009 entered zone_A", "metadata": {"track_id": "G-009", "zone_name": "zone_A", "zone_type": "monitored"}, "acknowledged": false}
2026-04-10 00:05:24,154 {"alert_id": 7, "type": "ZONE_ENTER", "severity": "INFO", "camera_id": 1, "timestamp": 1775759724.154902, "message": "person G-011 entered zone_B", "metadata": {"track_id": "G-011", "zone_name": "zone_B", "zone_type": "restricted"}, "acknowledged": false}
2026-04-10 00:10:22,278 {"alert_id": 1, "type": "ZONE_ENTER", "severity": "INFO", "camera_id": 2, "timestamp": 1775760022.2525213, "message": "banana G-002 entered zone_B", "metadata": {"track_id": "G-002", "zone_name": "zone_B", "zone_type": "restricted"}, "acknowledged": false}
2026-04-10 00:11:18,796 {"alert_id": 2, "type": "LOITERING", "severity": "HIGH", "camera_id": 2, "timestamp": 1775760078.7868843, "message": "Stationary person G-001 for 60s", "metadata": {"track_id": "G-001", "dwell_s": 60.1, "obj_type": "person"}, "acknowledged": false}
2026-04-10 00:11:22,948 {"alert_id": 3, "type": "LOITERING", "severity": "HIGH", "camera_id": 1, "timestamp": 1775760082.946168, "message": "Stationary person G-001 for 60s", "metadata": {"track_id": "G-001", "dwell_s": 60.4, "obj_type": "person"}, "acknowledged": false}
2026-04-11 19:35:47,632 {"alert_id": 1, "type": "LOITERING", "severity": "HIGH", "camera_id": 2, "timestamp": 1775916347.6290567, "message": "Stationary person G-001 for 60s", "metadata": {"track_id": "G-001", "dwell_s": 60.2, "obj_type": "person"}, "acknowledged": false}
2026-04-13 10:21:12,297 {"alert_id": 1, "type": "ZONE_ENTER", "severity": "INFO", "camera_id": 2, "timestamp": 1776055872.2956152, "message": "scissors G-005 entered zone_B", "metadata": {"track_id": "G-005", "zone_name": "zone_B", "zone_type": "restricted"}, "acknowledged": false}
2026-04-13 10:21:22,078 {"alert_id": 2, "type": "ZONE_ENTER", "severity": "INFO", "camera_id": 2, "timestamp": 1776055882.0232348, "message": "tv G-007 entered zone_A", "metadata": {"track_id": "G-007", "zone_name": "zone_A", "zone_type": "monitored"}, "acknowledged": false}
2026-04-13 10:21:41,167 {"alert_id": 3, "type": "LOITERING", "severity": "HIGH", "camera_id": 1, "timestamp": 1776055901.1526985, "message": "Stationary person G-001 for 60s", "metadata": {"track_id": "G-001", "dwell_s": 60.1, "obj_type": "person"}, "acknowledged": false}
2026-04-13 10:21:48,353 {"alert_id": 4, "type": "ZONE_ENTER", "severity": "INFO", "camera_id": 2, "timestamp": 1776055908.3530595, "message": "person G-016 entered zone_B", "metadata": {"track_id": "G-016", "zone_name": "zone_B", "zone_type": "restricted"}, "acknowledged": false}
2026-04-13 10:21:48,893 {"alert_id": 5, "type": "ZONE_EXIT", "severity": "INFO", "camera_id": 2, "timestamp": 1776055908.8895628, "message": "person G-016 left zone_B", "metadata": {"track_id": "G-016", "zone_name": "zone_B"}, "acknowledged": false}
2026-04-13 10:21:55,548 {"alert_id": 6, "type": "ZONE_ENTER", "severity": "INFO", "camera_id": 2, "timestamp": 1776055915.5465686, "message": "person G-016 entered zone_B", "metadata": {"track_id": "G-016", "zone_name": "zone_B", "zone_type": "restricted"}, "acknowledged": false}
2026-04-13 10:21:56,097 {"alert_id": 7, "type": "ZONE_EXIT", "severity": "INFO", "camera_id": 2, "timestamp": 1776055916.0916388, "message": "person G-016 left zone_B", "metadata": {"track_id": "G-016", "zone_name": "zone_B"}, "acknowledged": false}
2026-04-13 10:22:06,069 {"alert_id": 8, "type": "ZONE_ENTER", "severity": "INFO", "camera_id": 2, "timestamp": 1776055926.0618448, "message": "cell phone G-017 entered zone_B", "metadata": {"track_id": "G-017", "zone_name": "zone_B", "zone_type": "restricted"}, "acknowledged": false}
2026-04-13 10:22:14,854 {"alert_id": 9, "type": "ZONE_EXIT", "severity": "INFO", "camera_id": 2, "timestamp": 1776055934.8303616, "message": "person G-016 left zone_B", "metadata": {"track_id": "G-016", "zone_name": "zone_B"}, "acknowledged": false}
