2026-04-14 23:01:08,372 {"alert_id": 1, "type": "ZONE_ENTER", "severity": "INFO", "camera_id": 2, "timestamp": 1776187868.3711007, "message": "laptop G-001 entered zone_A", "metadata": {"track_id": "G-001", "zone_name": "zone_A", "zone_type": "monitored"}, "acknowledged": false}
2026-04-14 23:01:13,738 {"alert_id": 2, "type": "ZONE_ENTER", "severity": "INFO", "camera_id": 2, "timestamp": 1776187873.73841, "message": "cake G-005 entered zone_B", "metadata": {"track_id": "G-005", "zone_name": "zone_B", "zone_type": "restricted"}, "acknowledged": false}
2026-04-14 23:01:19,498 {"alert_id": 3, "type": "ZONE_EXIT", "severity": "INFO", "camera_id": 2, "timestamp": 1776187879.4950447, "message": "cake G-005 left zone_B", "metadata": {"track_id": "G-005", "zone_name": "zone_B"}, "acknowledged": false}
2026-04-14 23:08:53,440 {"alert_id": 1, "type": "LOITERING", "severity": "HIGH", "camera_id": 1, "timestamp": 1776188333.4403415, "message": "Stationary person G-002 for 60s", "metadata": {"track_id": "G-002", "dwell_s": 60.1, "obj_type": "person"}, "acknowledged": false}
2026-04-14 23:13:32,566 {"alert_id": 1, "type": "ZONE_ENTER", "severity": "INFO", "camera_id": 2, "timestamp": 1776188612.566635, "message": "laptop G-002 entered zone_B", "metadata": {"track_id": "G-002", "zone_name": "zone_B", "zone_type": "restricted"}, "acknowledged": false}
2026-04-14 23:13:33,584 {"alert_id": 2, "type": "ZONE_EXIT", "severity": "INFO", "camera_id": 2, "timestamp": 1776188613.582879, "message": "laptop G-002 left zone_B", "metadata": {"track_id": "G-002", "zone_name": "zone_B"}, "acknowledged": false}
2026-04-14 23:13:41,284 {"alert_id": 3, "type": "ZONE_EXIT", "severity": "INFO", "camera_id": 2, "timestamp": 1776188621.2844596, "message": "car G-003 left zone_B", "metadata": {"track_id": "G-003", "zone_name": "zone_B"}, "acknowledged": false}
2026-04-14 23:14:09,181 {"alert_id": 4, "type": "AMBULANCE_DETECTED", "severity": "CRITICAL", "camera_id": 2, "timestamp": 1776188649.1812825, "message": "Ambulance detected \u2014 ID G-004", "metadata": {"track_id": "G-004", "bbox": [83, 175, 308, 348]}, "acknowledged": false}
2026-04-14 23:14:15,099 {"alert_id": 5, "type": "ZONE_ENTER", "severity": "INFO", "camera_id": 2, "timestamp": 1776188655.099032, "message": "car G-004 entered zone_A", "metadata": {"track_id": "G-004", "zone_name": "zone_A", "zone_type": "monitored"}, "acknowledged": false}
2026-04-14 23:14:20,964 {"alert_id": 6, "type": "ZONE_EXIT", "severity": "INFO", "camera_id": 2, "timestamp": 1776188660.9629836, "message": "car G-004 left zone_A", "metadata": {"track_id": "G-004", "zone_name": "zone_A"}, "acknowledged": false}
2026-04-14 23:14:22,062 {"alert_id": 7, "type": "ZONE_ENTER", "severity": "INFO", "camera_id": 2, "timestamp": 1776188662.0600023, "message": "car G-006 entered zone_B", "metadata": {"track_id": "G-006", "zone_name": "zone_B", "zone_type": "restricted"}, "acknowledged": false}
2026-04-14 23:14:23,795 {"alert_id": 8, "type": "LOITERING", "severity": "HIGH", "camera_id": 1, "timestamp": 1776188663.793838, "message": "Stationary person G-001 for 60s", "metadata": {"track_id": "G-001", "dwell_s": 60.0, "obj_type": "person"}, "acknowledged": false}
2026-04-14 23:14:26,095 {"alert_id": 9, "type": "ZONE_EXIT", "severity": "INFO", "camera_id": 2, "timestamp": 1776188666.0956016, "message": "car G-006 left zone_B", "metadata": {"track_id": "G-006", "zone_name": "zone_B"}, "acknowledged": false}
2026-04-14 23:14:46,289 {"alert_id": 10, "type": "AMBULANCE_DETECTED", "severity": "CRITICAL", "camera_id": 2, "timestamp": 1776188686.2891867, "message": "Ambulance detected \u2014 ID G-002", "metadata": {"track_id": "G-002", "bbox": [213, 148, 413, 266]}, "acknowledged": false}
2026-04-14 23:15:08,288 {"alert_id": 11, "type": "ZONE_ENTER", "severity": "INFO", "camera_id": 2, "timestamp": 1776188708.2886446, "message": "truck G-003 entered zone_A", "metadata": {"track_id": "G-003", "zone_name": "zone_A", "zone_type": "monitored"}, "acknowledged": false}
2026-04-14 23:15:10,241 {"alert_id": 12, "type": "ZONE_EXIT", "severity": "INFO", "camera_id": 2, "timestamp": 1776188710.2413309, "message": "truck G-003 left zone_A", "metadata": {"track_id": "G-003", "zone_name": "zone_A"}, "acknowledged": false}
2026-04-14 23:15:15,069 {"alert_id": 13, "type": "ZONE_ENTER", "severity": "INFO", "camera_id": 2, "timestamp": 1776188715.0697286, "message": "truck G-003 entered zone_A", "metadata": {"track_id": "G-003", "zone_name": "zone_A", "zone_type": "monitored"}, "acknowledged": false}
2026-04-14 23:15:17,705 {"alert_id": 14, "type": "AMBULANCE_DETECTED", "severity": "CRITICAL", "camera_id": 2, "timestamp": 1776188717.7033083, "message": "Ambulance detected \u2014 ID G-004", "metadata": {"track_id": "G-004", "bbox": [67, 86, 285, 226]}, "acknowledged": false}
2026-04-14 23:15:19,950 {"alert_id": 15, "type": "ZONE_EXIT", "severity": "INFO", "camera_id": 2, "timestamp": 1776188719.9502416, "message": "car G-004 left zone_A", "metadata": {"track_id": "G-004", "zone_name": "zone_A"}, "acknowledged": false}
2026-04-14 23:15:41,809 {"alert_id": 1, "type": "ZONE_ENTER", "severity": "INFO", "camera_id": 2, "timestamp": 1776188741.8083262, "message": "car G-003 entered zone_A", "metadata": {"track_id": "G-003", "zone_name": "zone_A", "zone_type": "monitored"}, "acknowledged": false}
2026-04-14 23:15:42,059 {"alert_id": 2, "type": "AMBULANCE_DETECTED", "severity": "CRITICAL", "camera_id": 2, "timestamp": 1776188742.0576003, "message": "Ambulance detected \u2014 ID G-003", "metadata": {"track_id": "G-003", "bbox": [107, 68, 316, 219]}, "acknowledged": false}
2026-04-14 23:15:46,577 {"alert_id": 3, "type": "ZONE_EXIT", "severity": "INFO", "camera_id": 2, "timestamp": 1776188746.5773907, "message": "car G-003 left zone_A", "metadata": {"track_id": "G-003", "zone_name": "zone_A"}, "acknowledged": false}
2026-04-14 23:15:47,625 {"alert_id": 4, "type": "ZONE_ENTER", "severity": "INFO", "camera_id": 2, "timestamp": 1776188747.62298, "message": "car G-003 entered zone_B", "metadata": {"track_id": "G-003", "zone_name": "zone_B", "zone_type": "restricted"}, "acknowledged": false}
2026-04-14 23:15:58,201 {"alert_id": 5, "type": "AMBULANCE_DETECTED", "severity": "CRITICAL", "camera_id": 2, "timestamp": 1776188758.1950324, "message": "Ambulance detected \u2014 ID G-003", "metadata": {"track_id": "G-003", "bbox": [116, 129, 346, 274]}, "acknowledged": false}
2026-04-14 23:16:05,026 {"alert_id": 6, "type": "ZONE_ENTER", "severity": "INFO", "camera_id": 2, "timestamp": 1776188765.0227125, "message": "truck G-003 entered zone_A", "metadata": {"track_id": "G-003", "zone_name": "zone_A", "zone_type": "monitored"}, "acknowledged": false}
2026-04-14 23:16:06,821 {"alert_id": 7, "type": "ZONE_EXIT", "severity": "INFO", "camera_id": 2, "timestamp": 1776188766.8210154, "message": "truck G-003 left zone_A", "metadata": {"track_id": "G-003", "zone_name": "zone_A"}, "acknowledged": false}
2026-04-14 23:16:18,264 {"alert_id": 8, "type": "AMBULANCE_DETECTED", "severity": "CRITICAL", "camera_id": 2, "timestamp": 1776188778.264257, "message": "Ambulance detected \u2014 ID G-003", "metadata": {"track_id": "G-003", "bbox": [99, 126, 307, 282]}, "acknowledged": false}
2026-04-14 23:16:39,784 {"alert_id": 9, "type": "LOITERING", "severity": "HIGH", "camera_id": 1, "timestamp": 1776188799.7800102, "message": "Stationary person G-002 for 60s", "metadata": {"track_id": "G-002", "dwell_s": 60.1, "obj_type": "person"}, "acknowledged": false}
2026-04-14 23:16:41,294 {"alert_id": 10, "type": "ZONE_ENTER", "severity": "INFO", "camera_id": 2, "timestamp": 1776188801.292001, "message": "truck G-005 entered zone_A", "metadata": {"track_id": "G-005", "zone_name": "zone_A", "zone_type": "monitored"}, "acknowledged": false}
2026-04-14 23:16:42,416 {"alert_id": 11, "type": "ZONE_EXIT", "severity": "INFO", "camera_id": 2, "timestamp": 1776188802.4149883, "message": "truck G-005 left zone_A", "metadata": {"track_id": "G-005", "zone_name": "zone_A"}, "acknowledged": false}
2026-04-14 23:16:49,502 {"alert_id": 12, "type": "ZONE_ENTER", "severity": "INFO", "camera_id": 2, "timestamp": 1776188809.4996705, "message": "truck G-006 entered zone_A", "metadata": {"track_id": "G-006", "zone_name": "zone_A", "zone_type": "monitored"}, "acknowledged": false}
2026-04-14 23:16:50,158 {"alert_id": 13, "type": "AMBULANCE_DETECTED", "severity": "CRITICAL", "camera_id": 2, "timestamp": 1776188810.1515296, "message": "Ambulance detected \u2014 ID G-006", "metadata": {"track_id": "G-006", "bbox": [86, 95, 272, 221]}, "acknowledged": false}
2026-04-14 23:16:53,697 {"alert_id": 14, "type": "ZONE_EXIT", "severity": "INFO", "camera_id": 2, "timestamp": 1776188813.6956618, "message": "car G-006 left zone_A", "metadata": {"track_id": "G-006", "zone_name": "zone_A"}, "acknowledged": false}
2026-04-14 23:16:56,044 {"alert_id": 15, "type": "ZONE_ENTER", "severity": "INFO", "camera_id": 2, "timestamp": 1776188816.0444212, "message": "truck G-005 entered zone_A", "metadata": {"track_id": "G-005", "zone_name": "zone_A", "zone_type": "monitored"}, "acknowledged": false}
2026-04-14 23:17:02,567 {"alert_id": 16, "type": "ZONE_EXIT", "severity": "INFO", "camera_id": 2, "timestamp": 1776188822.56027, "message": "car G-005 left zone_A", "metadata": {"track_id": "G-005", "zone_name": "zone_A"}, "acknowledged": false}
2026-04-14 23:17:13,956 {"alert_id": 17, "type": "AMBULANCE_DETECTED", "severity": "CRITICAL", "camera_id": 2, "timestamp": 1776188833.9564707, "message": "Ambulance detected \u2014 ID G-005", "metadata": {"track_id": "G-005", "bbox": [96, 110, 305, 239]}, "acknowledged": false}
2026-04-14 23:17:31,038 {"alert_id": 18, "type": "AMBULANCE_DETECTED", "severity": "CRITICAL", "camera_id": 2, "timestamp": 1776188851.038131, "message": "Ambulance detected \u2014 ID G-007", "metadata": {"track_id": "G-007", "bbox": [140, 66, 338, 218]}, "acknowledged": false}
2026-04-14 23:17:32,807 {"alert_id": 19, "type": "ZONE_ENTER", "severity": "INFO", "camera_id": 2, "timestamp": 1776188852.805797, "message": "car G-007 entered zone_A", "metadata": {"track_id": "G-007", "zone_name": "zone_A", "zone_type": "monitored"}, "acknowledged": false}
2026-04-14 23:17:33,071 {"alert_id": 20, "type": "ZONE_EXIT", "severity": "INFO", "camera_id": 2, "timestamp": 1776188853.0677938, "message": "car G-007 left zone_A", "metadata": {"track_id": "G-007", "zone_name": "zone_A"}, "acknowledged": false}
2026-04-14 23:17:52,671 {"alert_id": 21, "type": "ZONE_ENTER", "severity": "INFO", "camera_id": 2, "timestamp": 1776188872.6639926, "message": "car G-010 entered zone_A", "metadata": {"track_id": "G-010", "zone_name": "zone_A", "zone_type": "monitored"}, "acknowledged": false}
2026-04-15 10:31:41,202 {"alert_id": 1, "type": "LOITERING", "severity": "HIGH", "camera_id": 1, "timestamp": 1776229301.20256, "message": "Stationary person G-001 for 60s", "metadata": {"track_id": "G-001", "dwell_s": 60.4, "obj_type": "person"}, "acknowledged": false}
2026-04-15 10:32:51,872 {"alert_id": 2, "type": "ZONE_ENTER", "severity": "INFO", "camera_id": 2, "timestamp": 1776229371.866244, "message": "laptop G-003 entered zone_B", "metadata": {"track_id": "G-003", "zone_name": "zone_B", "zone_type": "restricted"}, "acknowledged": false}
2026-04-15 10:32:55,656 {"alert_id": 3, "type": "ZONE_EXIT", "severity": "INFO", "camera_id": 2, "timestamp": 1776229375.6548421, "message": "laptop G-003 left zone_B", "metadata": {"track_id": "G-003", "zone_name": "zone_B"}, "acknowledged": false}
2026-04-15 10:33:42,205 {"alert_id": 4, "type": "LOITERING", "severity": "HIGH", "camera_id": 2, "timestamp": 1776229422.2045054, "message": "Stationary person G-003 for 60s", "metadata": {"track_id": "G-003", "dwell_s": 60.4, "obj_type": "person"}, "acknowledged": false}
2026-04-15 10:46:23,202 {"alert_id": 1, "type": "LOITERING", "severity": "HIGH", "camera_id": 1, "timestamp": 1776230183.2029204, "message": "Stationary person G-001 for 60s", "metadata": {"track_id": "G-001", "dwell_s": 60.3, "obj_type": "person"}, "acknowledged": false}
2026-04-15 10:46:44,529 {"alert_id": 2, "type": "LOITERING", "severity": "HIGH", "camera_id": 2, "timestamp": 1776230204.5285404, "message": "Stationary person G-004 for 60s", "metadata": {"track_id": "G-004", "dwell_s": 60.2, "obj_type": "person"}, "acknowledged": false}
2026-04-15 10:56:40,338 {"alert_id": 1, "type": "LOITERING", "severity": "HIGH", "camera_id": 2, "timestamp": 1776230800.338393, "message": "Stationary person G-001 for 60s", "metadata": {"track_id": "G-001", "dwell_s": 60.1, "obj_type": "person"}, "acknowledged": false}
2026-04-15 11:03:05,866 {"alert_id": 2, "type": "LOITERING", "severity": "HIGH", "camera_id": 2, "timestamp": 1776231185.8653433, "message": "Stationary person G-001 for 60s", "metadata": {"track_id": "G-001", "dwell_s": 60.3, "obj_type": "person"}, "acknowledged": false}
2026-04-15 11:03:10,867 {"alert_id": 3, "type": "LOITERING", "severity": "HIGH", "camera_id": 1, "timestamp": 1776231190.865842, "message": "Stationary person G-002 for 60s", "metadata": {"track_id": "G-002", "dwell_s": 60.4, "obj_type": "person"}, "acknowledged": false}
2026-04-15 11:23:08,034 {"alert_id": 1, "type": "LOITERING", "severity": "HIGH", "camera_id": 2, "timestamp": 1776232388.0339236, "message": "Stationary person G-001 for 60s", "metadata": {"track_id": "G-001", "dwell_s": 60.2, "obj_type": "person"}, "acknowledged": false}
2026-04-15 11:23:20,276 {"alert_id": 2, "type": "LOITERING", "severity": "HIGH", "camera_id": 1, "timestamp": 1776232400.2758734, "message": "Stationary person G-001 for 71s", "metadata": {"track_id": "G-001", "dwell_s": 70.6, "obj_type": "person"}, "acknowledged": false}
2026-04-15 11:23:50,566 {"alert_id": 3, "type": "ZONE_ENTER", "severity": "INFO", "camera_id": 1, "timestamp": 1776232430.5669477, "message": "cell phone G-002 entered zone_B", "metadata": {"track_id": "G-002", "zone_name": "zone_B", "zone_type": "restricted"}, "acknowledged": false}
2026-04-15 11:23:58,770 {"alert_id": 4, "type": "ZONE_EXIT", "severity": "INFO", "camera_id": 1, "timestamp": 1776232438.7692745, "message": "cell phone G-002 left zone_B", "metadata": {"track_id": "G-002", "zone_name": "zone_B"}, "acknowledged": false}
2026-04-15 11:24:33,333 {"alert_id": 5, "type": "ZONE_ENTER", "severity": "INFO", "camera_id": 2, "timestamp": 1776232473.3328974, "message": "cell phone G-004 entered zone_A", "metadata": {"track_id": "G-004", "zone_name": "zone_A", "zone_type": "monitored"}, "acknowledged": false}
2026-04-15 11:24:35,564 {"alert_id": 6, "type": "ZONE_EXIT", "severity": "INFO", "camera_id": 2, "timestamp": 1776232475.5647721, "message": "cell phone G-004 left zone_A", "metadata": {"track_id": "G-004", "zone_name": "zone_A"}, "acknowledged": false}
2026-04-15 11:25:12,708 {"alert_id": 7, "type": "LOITERING", "severity": "HIGH", "camera_id": 1, "timestamp": 1776232512.7071254, "message": "Stationary person G-003 for 61s", "metadata": {"track_id": "G-003", "dwell_s": 61.1, "obj_type": "person"}, "acknowledged": false}
2026-04-15 11:25:28,703 {"alert_id": 8, "type": "ZONE_ENTER", "severity": "INFO", "camera_id": 2, "timestamp": 1776232528.7022169, "message": "cell phone G-004 entered zone_A", "metadata": {"track_id": "G-004", "zone_name": "zone_A", "zone_type": "monitored"}, "acknowledged": false}
2026-04-15 11:25:33,769 {"alert_id": 9, "type": "LOITERING", "severity": "HIGH", "camera_id": 2, "timestamp": 1776232533.7682867, "message": "Stationary person G-004 for 60s", "metadata": {"track_id": "G-004", "dwell_s": 60.4, "obj_type": "person"}, "acknowledged": false}
2026-04-15 11:25:41,374 {"alert_id": 10, "type": "ZONE_EXIT", "severity": "INFO", "camera_id": 2, "timestamp": 1776232541.3738468, "message": "cell phone G-004 left zone_A", "metadata": {"track_id": "G-004", "zone_name": "zone_A"}, "acknowledged": false}
2026-04-15 11:25:58,172 {"alert_id": 11, "type": "ZONE_ENTER", "severity": "INFO", "camera_id": 1, "timestamp": 1776232558.1725898, "message": "cell phone G-003 entered zone_A", "metadata": {"track_id": "G-003", "zone_name": "zone_A", "zone_type": "monitored"}, "acknowledged": false}
2026-04-15 11:27:42,504 {"alert_id": 12, "type": "AMBULANCE_DETECTED", "severity": "CRITICAL", "camera_id": 2, "timestamp": 1776232662.5033839, "message": "Ambulance detected \u2014 ID G-008", "metadata": {"track_id": "G-008", "bbox": [215, 156, 337, 210]}, "acknowledged": false}
2026-04-15 11:27:51,533 {"alert_id": 13, "type": "ZONE_ENTER", "severity": "INFO", "camera_id": 2, "timestamp": 1776232671.5320666, "message": "car G-008 entered zone_B", "metadata": {"track_id": "G-008", "zone_name": "zone_B", "zone_type": "restricted"}, "acknowledged": false}
2026-04-15 11:28:08,276 {"alert_id": 14, "type": "ZONE_ENTER", "severity": "INFO", "camera_id": 2, "timestamp": 1776232688.276491, "message": "car G-009 entered zone_A", "metadata": {"track_id": "G-009", "zone_name": "zone_A", "zone_type": "monitored"}, "acknowledged": false}
2026-04-15 11:28:19,167 {"alert_id": 15, "type": "ZONE_ENTER", "severity": "INFO", "camera_id": 2, "timestamp": 1776232699.1678994, "message": "car G-010 entered zone_B", "metadata": {"track_id": "G-010", "zone_name": "zone_B", "zone_type": "restricted"}, "acknowledged": false}
2026-04-15 11:28:19,471 {"alert_id": 16, "type": "AMBULANCE_DETECTED", "severity": "CRITICAL", "camera_id": 2, "timestamp": 1776232699.4703033, "message": "Ambulance detected \u2014 ID G-010", "metadata": {"track_id": "G-010", "bbox": [188, 88, 342, 159]}, "acknowledged": false}
2026-04-15 11:28:26,518 {"alert_id": 17, "type": "ZONE_EXIT", "severity": "INFO", "camera_id": 2, "timestamp": 1776232706.5184202, "message": "car G-010 left zone_B", "metadata": {"track_id": "G-010", "zone_name": "zone_B"}, "acknowledged": false}
2026-04-15 11:28:52,978 {"alert_id": 18, "type": "AMBULANCE_DETECTED", "severity": "CRITICAL", "camera_id": 2, "timestamp": 1776232732.9784734, "message": "Ambulance detected \u2014 ID G-008", "metadata": {"track_id": "G-008", "bbox": [186, 126, 328, 191]}, "acknowledged": false}
2026-04-15 11:28:55,029 {"alert_id": 19, "type": "ZONE_EXIT", "severity": "INFO", "camera_id": 2, "timestamp": 1776232735.0292215, "message": "car G-008 left zone_B", "metadata": {"track_id": "G-008", "zone_name": "zone_B"}, "acknowledged": false}
2026-04-15 11:29:18,097 {"alert_id": 20, "type": "ZONE_ENTER", "severity": "INFO", "camera_id": 2, "timestamp": 1776232758.0964098, "message": "car G-008 entered zone_B", "metadata": {"track_id": "G-008", "zone_name": "zone_B", "zone_type": "restricted"}, "acknowledged": false}
2026-04-15 11:29:18,674 {"alert_id": 21, "type": "AMBULANCE_DETECTED", "severity": "CRITICAL", "camera_id": 2, "timestamp": 1776232758.673789, "message": "Ambulance detected \u2014 ID G-008", "metadata": {"track_id": "G-008", "bbox": [79, 77, 430, 232]}, "acknowledged": false}
2026-04-15 11:29:19,898 {"alert_id": 22, "type": "ZONE_EXIT", "severity": "INFO", "camera_id": 2, "timestamp": 1776232759.8983748, "message": "car G-008 left zone_B", "metadata": {"track_id": "G-008", "zone_name": "zone_B"}, "acknowledged": false}
2026-04-15 11:29:43,083 {"alert_id": 23, "type": "ZONE_ENTER", "severity": "INFO", "camera_id": 2, "timestamp": 1776232783.0820725, "message": "car G-008 entered zone_A", "metadata": {"track_id": "G-008", "zone_name": "zone_A", "zone_type": "monitored"}, "acknowledged": false}
2026-04-15 11:29:45,468 {"alert_id": 24, "type": "ZONE_EXIT", "severity": "INFO", "camera_id": 2, "timestamp": 1776232785.4686124, "message": "car G-008 left zone_A", "metadata": {"track_id": "G-008", "zone_name": "zone_A"}, "acknowledged": false}
2026-04-15 11:31:02,098 {"alert_id": 25, "type": "ZONE_ENTER", "severity": "INFO", "camera_id": 2, "timestamp": 1776232862.098783, "message": "truck G-008 entered zone_A", "metadata": {"track_id": "G-008", "zone_name": "zone_A", "zone_type": "monitored"}, "acknowledged": false}
2026-04-15 11:31:02,450 {"alert_id": 26, "type": "AMBULANCE_DETECTED", "severity": "CRITICAL", "camera_id": 2, "timestamp": 1776232862.4485285, "message": "Ambulance detected \u2014 ID G-008", "metadata": {"track_id": "G-008", "bbox": [50, 68, 278, 211]}, "acknowledged": false}
2026-04-15 11:31:13,117 {"alert_id": 27, "type": "ZONE_EXIT", "severity": "INFO", "camera_id": 2, "timestamp": 1776232873.1175756, "message": "truck G-008 left zone_A", "metadata": {"track_id": "G-008", "zone_name": "zone_A"}, "acknowledged": false}
2026-04-15 11:31:13,871 {"alert_id": 28, "type": "ZONE_ENTER", "severity": "INFO", "camera_id": 2, "timestamp": 1776232873.8716302, "message": "truck G-008 entered zone_A", "metadata": {"track_id": "G-008", "zone_name": "zone_A", "zone_type": "monitored"}, "acknowledged": false}
2026-04-15 11:31:25,383 {"alert_id": 29, "type": "ZONE_EXIT", "severity": "INFO", "camera_id": 2, "timestamp": 1776232885.3825214, "message": "truck G-008 left zone_A", "metadata": {"track_id": "G-008", "zone_name": "zone_A"}, "acknowledged": false}
2026-04-15 11:31:25,758 {"alert_id": 30, "type": "AMBULANCE_DETECTED", "severity": "CRITICAL", "camera_id": 2, "timestamp": 1776232885.7579532, "message": "Ambulance detected \u2014 ID G-008", "metadata": {"track_id": "G-008", "bbox": [51, 152, 275, 289]}, "acknowledged": false}
2026-04-15 11:31:49,507 {"alert_id": 31, "type": "ZONE_ENTER", "severity": "INFO", "camera_id": 2, "timestamp": 1776232909.5075996, "message": "laptop G-011 entered zone_B", "metadata": {"track_id": "G-011", "zone_name": "zone_B", "zone_type": "restricted"}, "acknowledged": false}
2026-04-15 11:32:17,109 {"alert_id": 32, "type": "ZONE_EXIT", "severity": "INFO", "camera_id": 2, "timestamp": 1776232937.1098359, "message": "person G-012 left zone_B", "metadata": {"track_id": "G-012", "zone_name": "zone_B"}, "acknowledged": false}
2026-04-15 20:17:39,659 {"alert_id": 1, "type": "LOITERING", "severity": "HIGH", "camera_id": 1, "timestamp": 1776264459.6579397, "message": "Stationary person G-002 for 61s", "metadata": {"track_id": "G-002", "dwell_s": 60.7, "obj_type": "person"}, "acknowledged": false}
2026-04-15 20:17:55,955 {"alert_id": 2, "type": "LOITERING", "severity": "HIGH", "camera_id": 2, "timestamp": 1776264475.9538767, "message": "Stationary person G-002 for 61s", "metadata": {"track_id": "G-002", "dwell_s": 60.7, "obj_type": "person"}, "acknowledged": false}
2026-04-15 20:37:13,943 {"alert_id": 1, "type": "LOITERING", "severity": "HIGH", "camera_id": 1, "timestamp": 1776265633.9437943, "message": "Stationary person G-002 for 60s", "metadata": {"track_id": "G-002", "dwell_s": 60.3, "obj_type": "person"}, "acknowledged": false}
2026-04-15 20:38:15,471 {"alert_id": 2, "type": "LOITERING", "severity": "HIGH", "camera_id": 2, "timestamp": 1776265695.4712288, "message": "Stationary person Shivam for 60s", "metadata": {"track_id": "Shivam", "dwell_s": 60.3, "obj_type": "person"}, "acknowledged": false}
2026-04-15 20:38:51,352 {"alert_id": 3, "type": "ZONE_ENTER", "severity": "INFO", "camera_id": 2, "timestamp": 1776265731.3501115, "message": "truck G-005 entered zone_A", "metadata": {"track_id": "G-005", "zone_name": "zone_A", "zone_type": "monitored"}, "acknowledged": false}
2026-04-15 20:38:52,290 {"alert_id": 4, "type": "AMBULANCE_DETECTED", "severity": "CRITICAL", "camera_id": 2, "timestamp": 1776265732.2893536, "message": "Ambulance detected \u2014 ID G-005", "metadata": {"track_id": "G-005", "bbox": [0, 12, 353, 178]}, "acknowledged": false}
2026-04-15 20:39:28,617 {"alert_id": 5, "type": "AMBULANCE_DETECTED", "severity": "CRITICAL", "camera_id": 2, "timestamp": 1776265768.615285, "message": "Ambulance detected \u2014 ID G-004", "metadata": {"track_id": "G-004", "bbox": [75, 104, 385, 247]}, "acknowledged": false}
2026-04-15 20:39:46,534 {"alert_id": 6, "type": "ZONE_EXIT", "severity": "INFO", "camera_id": 2, "timestamp": 1776265786.5340912, "message": "truck G-005 left zone_A", "metadata": {"track_id": "G-005", "zone_name": "zone_A"}, "acknowledged": false}
2026-04-15 20:40:01,379 {"alert_id": 7, "type": "AMBULANCE_DETECTED", "severity": "CRITICAL", "camera_id": 2, "timestamp": 1776265801.3771398, "message": "Ambulance detected \u2014 ID G-004", "metadata": {"track_id": "G-004", "bbox": [56, 193, 325, 316]}, "acknowledged": false}
2026-04-15 20:40:31,034 {"alert_id": 8, "type": "AMBULANCE_DETECTED", "severity": "CRITICAL", "camera_id": 2, "timestamp": 1776265831.0345387, "message": "Ambulance detected \u2014 ID G-005", "metadata": {"track_id": "G-005", "bbox": [22, 158, 309, 289]}, "acknowledged": false}
